[debug] [2023-08-16T04:42:30.728Z] ----------------------------------------------------------------------
[debug] [2023-08-16T04:42:30.730Z] Command:       /usr/local/bin/node /usr/local/bin/firebase --debug deploy --only functions
[debug] [2023-08-16T04:42:30.731Z] CLI Version:   12.4.8
[debug] [2023-08-16T04:42:30.731Z] Platform:      darwin
[debug] [2023-08-16T04:42:30.731Z] Node Version:  v18.13.0
[debug] [2023-08-16T04:42:30.732Z] Time:          Wed Aug 16 2023 05:42:30 GMT+0100 (West Africa Standard Time)
[debug] [2023-08-16T04:42:30.733Z] ----------------------------------------------------------------------
[debug] 
[debug] [2023-08-16T04:42:30.806Z] > command requires scopes: ["email","openid","https://www.googleapis.com/auth/cloudplatformprojects.readonly","https://www.googleapis.com/auth/firebase","https://www.googleapis.com/auth/cloud-platform"]
[debug] [2023-08-16T04:42:30.808Z] > authorizing via signed-in user (iamgideonidoko@gmail.com)
[debug] [2023-08-16T04:42:30.808Z] [iam] checking project jspotx-d51f9 for permissions ["cloudfunctions.functions.create","cloudfunctions.functions.delete","cloudfunctions.functions.get","cloudfunctions.functions.list","cloudfunctions.functions.update","cloudfunctions.operations.get","firebase.projects.get"]
[debug] [2023-08-16T04:42:30.810Z] > refreshing access token with scopes: []
[debug] [2023-08-16T04:42:30.812Z] >>> [apiv2][query] POST https://www.googleapis.com/oauth2/v3/token [none]
[debug] [2023-08-16T04:42:30.812Z] >>> [apiv2][body] POST https://www.googleapis.com/oauth2/v3/token [omitted]
[debug] [2023-08-16T04:42:31.401Z] <<< [apiv2][status] POST https://www.googleapis.com/oauth2/v3/token 200
[debug] [2023-08-16T04:42:31.401Z] <<< [apiv2][body] POST https://www.googleapis.com/oauth2/v3/token [omitted]
[debug] [2023-08-16T04:42:31.415Z] >>> [apiv2][query] POST https://cloudresourcemanager.googleapis.com/v1/projects/jspotx-d51f9:testIamPermissions [none]
[debug] [2023-08-16T04:42:31.416Z] >>> [apiv2][(partial)header] POST https://cloudresourcemanager.googleapis.com/v1/projects/jspotx-d51f9:testIamPermissions x-goog-quota-user=projects/jspotx-d51f9
[debug] [2023-08-16T04:42:31.416Z] >>> [apiv2][body] POST https://cloudresourcemanager.googleapis.com/v1/projects/jspotx-d51f9:testIamPermissions {"permissions":["cloudfunctions.functions.create","cloudfunctions.functions.delete","cloudfunctions.functions.get","cloudfunctions.functions.list","cloudfunctions.functions.update","cloudfunctions.operations.get","firebase.projects.get"]}
[debug] [2023-08-16T04:42:33.161Z] <<< [apiv2][status] POST https://cloudresourcemanager.googleapis.com/v1/projects/jspotx-d51f9:testIamPermissions 200
[debug] [2023-08-16T04:42:33.161Z] <<< [apiv2][body] POST https://cloudresourcemanager.googleapis.com/v1/projects/jspotx-d51f9:testIamPermissions {"permissions":["cloudfunctions.functions.create","cloudfunctions.functions.delete","cloudfunctions.functions.get","cloudfunctions.functions.list","cloudfunctions.functions.update","cloudfunctions.operations.get","firebase.projects.get"]}
[debug] [2023-08-16T04:42:33.162Z] >>> [apiv2][query] POST https://iam.googleapis.com/v1/projects/jspotx-d51f9/serviceAccounts/jspotx-d51f9@appspot.gserviceaccount.com:testIamPermissions [none]
[debug] [2023-08-16T04:42:33.162Z] >>> [apiv2][body] POST https://iam.googleapis.com/v1/projects/jspotx-d51f9/serviceAccounts/jspotx-d51f9@appspot.gserviceaccount.com:testIamPermissions {"permissions":["iam.serviceAccounts.actAs"]}
[debug] [2023-08-16T04:42:34.807Z] <<< [apiv2][status] POST https://iam.googleapis.com/v1/projects/jspotx-d51f9/serviceAccounts/jspotx-d51f9@appspot.gserviceaccount.com:testIamPermissions 200
[debug] [2023-08-16T04:42:34.807Z] <<< [apiv2][body] POST https://iam.googleapis.com/v1/projects/jspotx-d51f9/serviceAccounts/jspotx-d51f9@appspot.gserviceaccount.com:testIamPermissions {"permissions":["iam.serviceAccounts.actAs"]}
[info] 
[info] === Deploying to 'jspotx-d51f9'...
[info] 
[info] i  deploying functions 
[info] Running command: npm --prefix "$RESOURCE_DIR" run lint
[error] 
[error] Error: functions predeploy error: Command terminated with non-zero exit code 1
[debug] [2023-08-16T04:43:01.891Z] ----------------------------------------------------------------------
[debug] [2023-08-16T04:43:01.894Z] Command:       /usr/local/bin/node /usr/local/bin/firebase --debug deploy --only functions
[debug] [2023-08-16T04:43:01.894Z] CLI Version:   12.4.8
[debug] [2023-08-16T04:43:01.894Z] Platform:      darwin
[debug] [2023-08-16T04:43:01.895Z] Node Version:  v18.13.0
[debug] [2023-08-16T04:43:01.896Z] Time:          Wed Aug 16 2023 05:43:01 GMT+0100 (West Africa Standard Time)
[debug] [2023-08-16T04:43:01.896Z] ----------------------------------------------------------------------
[debug] 
[debug] [2023-08-16T04:43:01.984Z] > command requires scopes: ["email","openid","https://www.googleapis.com/auth/cloudplatformprojects.readonly","https://www.googleapis.com/auth/firebase","https://www.googleapis.com/auth/cloud-platform"]
[debug] [2023-08-16T04:43:01.986Z] > authorizing via signed-in user (iamgideonidoko@gmail.com)
[debug] [2023-08-16T04:43:01.986Z] [iam] checking project jspotx-d51f9 for permissions ["cloudfunctions.functions.create","cloudfunctions.functions.delete","cloudfunctions.functions.get","cloudfunctions.functions.list","cloudfunctions.functions.update","cloudfunctions.operations.get","firebase.projects.get"]
[debug] [2023-08-16T04:43:01.989Z] >>> [apiv2][query] POST https://cloudresourcemanager.googleapis.com/v1/projects/jspotx-d51f9:testIamPermissions [none]
[debug] [2023-08-16T04:43:01.989Z] >>> [apiv2][(partial)header] POST https://cloudresourcemanager.googleapis.com/v1/projects/jspotx-d51f9:testIamPermissions x-goog-quota-user=projects/jspotx-d51f9
[debug] [2023-08-16T04:43:01.989Z] >>> [apiv2][body] POST https://cloudresourcemanager.googleapis.com/v1/projects/jspotx-d51f9:testIamPermissions {"permissions":["cloudfunctions.functions.create","cloudfunctions.functions.delete","cloudfunctions.functions.get","cloudfunctions.functions.list","cloudfunctions.functions.update","cloudfunctions.operations.get","firebase.projects.get"]}
[debug] [2023-08-16T04:43:03.363Z] <<< [apiv2][status] POST https://cloudresourcemanager.googleapis.com/v1/projects/jspotx-d51f9:testIamPermissions 200
[debug] [2023-08-16T04:43:03.364Z] <<< [apiv2][body] POST https://cloudresourcemanager.googleapis.com/v1/projects/jspotx-d51f9:testIamPermissions {"permissions":["cloudfunctions.functions.create","cloudfunctions.functions.delete","cloudfunctions.functions.get","cloudfunctions.functions.list","cloudfunctions.functions.update","cloudfunctions.operations.get","firebase.projects.get"]}
[debug] [2023-08-16T04:43:03.364Z] >>> [apiv2][query] POST https://iam.googleapis.com/v1/projects/jspotx-d51f9/serviceAccounts/jspotx-d51f9@appspot.gserviceaccount.com:testIamPermissions [none]
[debug] [2023-08-16T04:43:03.364Z] >>> [apiv2][body] POST https://iam.googleapis.com/v1/projects/jspotx-d51f9/serviceAccounts/jspotx-d51f9@appspot.gserviceaccount.com:testIamPermissions {"permissions":["iam.serviceAccounts.actAs"]}
[debug] [2023-08-16T04:43:04.676Z] <<< [apiv2][status] POST https://iam.googleapis.com/v1/projects/jspotx-d51f9/serviceAccounts/jspotx-d51f9@appspot.gserviceaccount.com:testIamPermissions 200
[debug] [2023-08-16T04:43:04.676Z] <<< [apiv2][body] POST https://iam.googleapis.com/v1/projects/jspotx-d51f9/serviceAccounts/jspotx-d51f9@appspot.gserviceaccount.com:testIamPermissions {"permissions":["iam.serviceAccounts.actAs"]}
[info] 
[info] === Deploying to 'jspotx-d51f9'...
[info] 
[info] i  deploying functions 
[info] Running command: npm --prefix "$RESOURCE_DIR" run lint
[info] Running command: npm --prefix "$RESOURCE_DIR" run build
[info] ✔  functions: Finished running predeploy script. 
[debug] [2023-08-16T04:43:18.777Z] >>> [apiv2][query] GET https://firebase.googleapis.com/v1beta1/projects/jspotx-d51f9 [none]
[debug] [2023-08-16T04:43:19.928Z] <<< [apiv2][status] GET https://firebase.googleapis.com/v1beta1/projects/jspotx-d51f9 200
[debug] [2023-08-16T04:43:19.928Z] <<< [apiv2][body] GET https://firebase.googleapis.com/v1beta1/projects/jspotx-d51f9 {"projectId":"jspotx-d51f9","projectNumber":"587577824352","displayName":"jspotx","name":"projects/jspotx-d51f9","resources":{"hostingSite":"jspotx-d51f9"},"state":"ACTIVE","etag":"1_a36e2059-c9cf-46a5-af46-97d21b7e5b0a"}
[info] i  functions: preparing codebase default for deployment 
[info] i  functions: ensuring required API cloudfunctions.googleapis.com is enabled... 
[info] i  functions: ensuring required API cloudbuild.googleapis.com is enabled... 
[info] i  artifactregistry: ensuring required API artifactregistry.googleapis.com is enabled... 
[debug] [2023-08-16T04:43:19.930Z] >>> [apiv2][query] GET https://serviceusage.googleapis.com/v1/projects/jspotx-d51f9/services/cloudfunctions.googleapis.com [none]
[debug] [2023-08-16T04:43:19.930Z] >>> [apiv2][(partial)header] GET https://serviceusage.googleapis.com/v1/projects/jspotx-d51f9/services/cloudfunctions.googleapis.com x-goog-quota-user=projects/jspotx-d51f9
[debug] [2023-08-16T04:43:19.932Z] >>> [apiv2][query] GET https://serviceusage.googleapis.com/v1/projects/jspotx-d51f9/services/runtimeconfig.googleapis.com [none]
[debug] [2023-08-16T04:43:19.932Z] >>> [apiv2][(partial)header] GET https://serviceusage.googleapis.com/v1/projects/jspotx-d51f9/services/runtimeconfig.googleapis.com x-goog-quota-user=projects/jspotx-d51f9
[debug] [2023-08-16T04:43:19.933Z] >>> [apiv2][query] GET https://serviceusage.googleapis.com/v1/projects/jspotx-d51f9/services/cloudbuild.googleapis.com [none]
[debug] [2023-08-16T04:43:19.933Z] >>> [apiv2][(partial)header] GET https://serviceusage.googleapis.com/v1/projects/jspotx-d51f9/services/cloudbuild.googleapis.com x-goog-quota-user=projects/jspotx-d51f9
[debug] [2023-08-16T04:43:19.935Z] >>> [apiv2][query] GET https://serviceusage.googleapis.com/v1/projects/jspotx-d51f9/services/artifactregistry.googleapis.com [none]
[debug] [2023-08-16T04:43:19.935Z] >>> [apiv2][(partial)header] GET https://serviceusage.googleapis.com/v1/projects/jspotx-d51f9/services/artifactregistry.googleapis.com x-goog-quota-user=projects/jspotx-d51f9
[debug] [2023-08-16T04:43:21.558Z] <<< [apiv2][status] GET https://serviceusage.googleapis.com/v1/projects/jspotx-d51f9/services/runtimeconfig.googleapis.com 200
[debug] [2023-08-16T04:43:21.558Z] <<< [apiv2][body] GET https://serviceusage.googleapis.com/v1/projects/jspotx-d51f9/services/runtimeconfig.googleapis.com [omitted]
[debug] [2023-08-16T04:43:21.559Z] <<< [apiv2][status] GET https://serviceusage.googleapis.com/v1/projects/jspotx-d51f9/services/artifactregistry.googleapis.com 200
[debug] [2023-08-16T04:43:21.559Z] <<< [apiv2][body] GET https://serviceusage.googleapis.com/v1/projects/jspotx-d51f9/services/artifactregistry.googleapis.com [omitted]
[info] ✔  artifactregistry: required API artifactregistry.googleapis.com is enabled 
[debug] [2023-08-16T04:43:21.561Z] <<< [apiv2][status] GET https://serviceusage.googleapis.com/v1/projects/jspotx-d51f9/services/cloudfunctions.googleapis.com 200
[debug] [2023-08-16T04:43:21.561Z] <<< [apiv2][body] GET https://serviceusage.googleapis.com/v1/projects/jspotx-d51f9/services/cloudfunctions.googleapis.com [omitted]
[info] ✔  functions: required API cloudfunctions.googleapis.com is enabled 
[debug] [2023-08-16T04:43:21.563Z] <<< [apiv2][status] GET https://serviceusage.googleapis.com/v1/projects/jspotx-d51f9/services/cloudbuild.googleapis.com 200
[debug] [2023-08-16T04:43:21.563Z] <<< [apiv2][body] GET https://serviceusage.googleapis.com/v1/projects/jspotx-d51f9/services/cloudbuild.googleapis.com [omitted]
[info] ✔  functions: required API cloudbuild.googleapis.com is enabled 
[debug] [2023-08-16T04:43:21.563Z] >>> [apiv2][query] GET https://firebase.googleapis.com/v1beta1/projects/jspotx-d51f9/adminSdkConfig [none]
[debug] [2023-08-16T04:43:22.383Z] <<< [apiv2][status] GET https://firebase.googleapis.com/v1beta1/projects/jspotx-d51f9/adminSdkConfig 200
[debug] [2023-08-16T04:43:22.383Z] <<< [apiv2][body] GET https://firebase.googleapis.com/v1beta1/projects/jspotx-d51f9/adminSdkConfig {"projectId":"jspotx-d51f9","storageBucket":"jspotx-d51f9.appspot.com"}
[debug] [2023-08-16T04:43:22.384Z] >>> [apiv2][query] GET https://runtimeconfig.googleapis.com/v1beta1/projects/jspotx-d51f9/configs [none]
[debug] [2023-08-16T04:43:23.126Z] <<< [apiv2][status] GET https://runtimeconfig.googleapis.com/v1beta1/projects/jspotx-d51f9/configs 200
[debug] [2023-08-16T04:43:23.126Z] <<< [apiv2][body] GET https://runtimeconfig.googleapis.com/v1beta1/projects/jspotx-d51f9/configs {}
[debug] [2023-08-16T04:43:23.128Z] Validating nodejs source
[debug] [2023-08-16T04:43:25.428Z] > [functions] package.json contents: {
  "name": "functions",
  "scripts": {
    "lint": "eslint --ext .js,.ts .",
    "build": "tsc",
    "build:watch": "tsc --watch",
    "serve": "npm run build && firebase emulators:start --only functions",
    "shell": "npm run build && firebase functions:shell",
    "start": "npm run shell",
    "deploy": "firebase deploy --only functions",
    "logs": "firebase functions:log"
  },
  "engines": {
    "node": "18"
  },
  "main": "lib/index.js",
  "dependencies": {
    "firebase-admin": "^11.8.0",
    "firebase-functions": "^4.3.1"
  },
  "devDependencies": {
    "firebase-functions-test": "^3.1.0",
    "typescript": "^4.9.0"
  },
  "private": true
}
[debug] [2023-08-16T04:43:25.428Z] Building nodejs source
[info] i  functions: Loading and analyzing source code for codebase default to determine what to deploy 
[debug] [2023-08-16T04:43:25.429Z] Could not find functions.yaml. Must use http discovery
[debug] [2023-08-16T04:43:25.436Z] Found firebase-functions binary at '/Users/iamgideonidoko/Archive/Projects/jspotx/functions/node_modules/.bin/firebase-functions'
[info] Serving at port 8936

[debug] [2023-08-16T04:43:26.026Z] Got response code 400; body Failed to generate manifest from function source: TypeError: Cannot read properties of undefined (reading 'INTERNAL')
[info] shutdown requested via /__/quitquitquit

[error] 
[error] Error: Functions codebase could not be analyzed successfully. It may have a syntax or runtime error
[debug] [2023-08-16T04:46:24.063Z] ----------------------------------------------------------------------
[debug] [2023-08-16T04:46:24.065Z] Command:       /usr/local/bin/node /usr/local/bin/firebase --debug deploy --only functions
[debug] [2023-08-16T04:46:24.066Z] CLI Version:   12.4.8
[debug] [2023-08-16T04:46:24.066Z] Platform:      darwin
[debug] [2023-08-16T04:46:24.066Z] Node Version:  v18.13.0
[debug] [2023-08-16T04:46:24.067Z] Time:          Wed Aug 16 2023 05:46:24 GMT+0100 (West Africa Standard Time)
[debug] [2023-08-16T04:46:24.067Z] ----------------------------------------------------------------------
[debug] 
[debug] [2023-08-16T04:46:24.139Z] > command requires scopes: ["email","openid","https://www.googleapis.com/auth/cloudplatformprojects.readonly","https://www.googleapis.com/auth/firebase","https://www.googleapis.com/auth/cloud-platform"]
[debug] [2023-08-16T04:46:24.141Z] > authorizing via signed-in user (iamgideonidoko@gmail.com)
[debug] [2023-08-16T04:46:24.141Z] [iam] checking project jspotx-d51f9 for permissions ["cloudfunctions.functions.create","cloudfunctions.functions.delete","cloudfunctions.functions.get","cloudfunctions.functions.list","cloudfunctions.functions.update","cloudfunctions.operations.get","firebase.projects.get"]
[debug] [2023-08-16T04:46:24.144Z] >>> [apiv2][query] POST https://cloudresourcemanager.googleapis.com/v1/projects/jspotx-d51f9:testIamPermissions [none]
[debug] [2023-08-16T04:46:24.144Z] >>> [apiv2][(partial)header] POST https://cloudresourcemanager.googleapis.com/v1/projects/jspotx-d51f9:testIamPermissions x-goog-quota-user=projects/jspotx-d51f9
[debug] [2023-08-16T04:46:24.144Z] >>> [apiv2][body] POST https://cloudresourcemanager.googleapis.com/v1/projects/jspotx-d51f9:testIamPermissions {"permissions":["cloudfunctions.functions.create","cloudfunctions.functions.delete","cloudfunctions.functions.get","cloudfunctions.functions.list","cloudfunctions.functions.update","cloudfunctions.operations.get","firebase.projects.get"]}
[debug] [2023-08-16T04:46:25.913Z] <<< [apiv2][status] POST https://cloudresourcemanager.googleapis.com/v1/projects/jspotx-d51f9:testIamPermissions 200
[debug] [2023-08-16T04:46:25.913Z] <<< [apiv2][body] POST https://cloudresourcemanager.googleapis.com/v1/projects/jspotx-d51f9:testIamPermissions {"permissions":["cloudfunctions.functions.create","cloudfunctions.functions.delete","cloudfunctions.functions.get","cloudfunctions.functions.list","cloudfunctions.functions.update","cloudfunctions.operations.get","firebase.projects.get"]}
[debug] [2023-08-16T04:46:25.914Z] >>> [apiv2][query] POST https://iam.googleapis.com/v1/projects/jspotx-d51f9/serviceAccounts/jspotx-d51f9@appspot.gserviceaccount.com:testIamPermissions [none]
[debug] [2023-08-16T04:46:25.914Z] >>> [apiv2][body] POST https://iam.googleapis.com/v1/projects/jspotx-d51f9/serviceAccounts/jspotx-d51f9@appspot.gserviceaccount.com:testIamPermissions {"permissions":["iam.serviceAccounts.actAs"]}
[debug] [2023-08-16T04:46:27.152Z] <<< [apiv2][status] POST https://iam.googleapis.com/v1/projects/jspotx-d51f9/serviceAccounts/jspotx-d51f9@appspot.gserviceaccount.com:testIamPermissions 200
[debug] [2023-08-16T04:46:27.152Z] <<< [apiv2][body] POST https://iam.googleapis.com/v1/projects/jspotx-d51f9/serviceAccounts/jspotx-d51f9@appspot.gserviceaccount.com:testIamPermissions {"permissions":["iam.serviceAccounts.actAs"]}
[info] 
[info] === Deploying to 'jspotx-d51f9'...
[info] 
[info] i  deploying functions 
[info] Running command: npm --prefix "$RESOURCE_DIR" run lint
[info] Running command: npm --prefix "$RESOURCE_DIR" run build
[info] ✔  functions: Finished running predeploy script. 
[debug] [2023-08-16T04:46:44.810Z] >>> [apiv2][query] GET https://firebase.googleapis.com/v1beta1/projects/jspotx-d51f9 [none]
[debug] [2023-08-16T04:46:45.469Z] <<< [apiv2][status] GET https://firebase.googleapis.com/v1beta1/projects/jspotx-d51f9 200
[debug] [2023-08-16T04:46:45.470Z] <<< [apiv2][body] GET https://firebase.googleapis.com/v1beta1/projects/jspotx-d51f9 {"projectId":"jspotx-d51f9","projectNumber":"587577824352","displayName":"jspotx","name":"projects/jspotx-d51f9","resources":{"hostingSite":"jspotx-d51f9"},"state":"ACTIVE","etag":"1_a36e2059-c9cf-46a5-af46-97d21b7e5b0a"}
[info] i  functions: preparing codebase default for deployment 
[info] i  functions: ensuring required API cloudfunctions.googleapis.com is enabled... 
[info] i  functions: ensuring required API cloudbuild.googleapis.com is enabled... 
[info] i  artifactregistry: ensuring required API artifactregistry.googleapis.com is enabled... 
[debug] [2023-08-16T04:46:45.472Z] >>> [apiv2][query] GET https://serviceusage.googleapis.com/v1/projects/jspotx-d51f9/services/cloudfunctions.googleapis.com [none]
[debug] [2023-08-16T04:46:45.472Z] >>> [apiv2][(partial)header] GET https://serviceusage.googleapis.com/v1/projects/jspotx-d51f9/services/cloudfunctions.googleapis.com x-goog-quota-user=projects/jspotx-d51f9
[debug] [2023-08-16T04:46:45.473Z] >>> [apiv2][query] GET https://serviceusage.googleapis.com/v1/projects/jspotx-d51f9/services/runtimeconfig.googleapis.com [none]
[debug] [2023-08-16T04:46:45.473Z] >>> [apiv2][(partial)header] GET https://serviceusage.googleapis.com/v1/projects/jspotx-d51f9/services/runtimeconfig.googleapis.com x-goog-quota-user=projects/jspotx-d51f9
[debug] [2023-08-16T04:46:45.474Z] >>> [apiv2][query] GET https://serviceusage.googleapis.com/v1/projects/jspotx-d51f9/services/cloudbuild.googleapis.com [none]
[debug] [2023-08-16T04:46:45.475Z] >>> [apiv2][(partial)header] GET https://serviceusage.googleapis.com/v1/projects/jspotx-d51f9/services/cloudbuild.googleapis.com x-goog-quota-user=projects/jspotx-d51f9
[debug] [2023-08-16T04:46:45.476Z] >>> [apiv2][query] GET https://serviceusage.googleapis.com/v1/projects/jspotx-d51f9/services/artifactregistry.googleapis.com [none]
[debug] [2023-08-16T04:46:45.476Z] >>> [apiv2][(partial)header] GET https://serviceusage.googleapis.com/v1/projects/jspotx-d51f9/services/artifactregistry.googleapis.com x-goog-quota-user=projects/jspotx-d51f9
[debug] [2023-08-16T04:46:46.936Z] <<< [apiv2][status] GET https://serviceusage.googleapis.com/v1/projects/jspotx-d51f9/services/runtimeconfig.googleapis.com 200
[debug] [2023-08-16T04:46:46.937Z] <<< [apiv2][body] GET https://serviceusage.googleapis.com/v1/projects/jspotx-d51f9/services/runtimeconfig.googleapis.com [omitted]
[debug] [2023-08-16T04:46:46.950Z] <<< [apiv2][status] GET https://serviceusage.googleapis.com/v1/projects/jspotx-d51f9/services/cloudfunctions.googleapis.com 200
[debug] [2023-08-16T04:46:46.951Z] <<< [apiv2][body] GET https://serviceusage.googleapis.com/v1/projects/jspotx-d51f9/services/cloudfunctions.googleapis.com [omitted]
[info] ✔  functions: required API cloudfunctions.googleapis.com is enabled 
[debug] [2023-08-16T04:46:46.971Z] <<< [apiv2][status] GET https://serviceusage.googleapis.com/v1/projects/jspotx-d51f9/services/cloudbuild.googleapis.com 200
[debug] [2023-08-16T04:46:46.971Z] <<< [apiv2][body] GET https://serviceusage.googleapis.com/v1/projects/jspotx-d51f9/services/cloudbuild.googleapis.com [omitted]
[info] ✔  functions: required API cloudbuild.googleapis.com is enabled 
[debug] [2023-08-16T04:46:47.038Z] <<< [apiv2][status] GET https://serviceusage.googleapis.com/v1/projects/jspotx-d51f9/services/artifactregistry.googleapis.com 200
[debug] [2023-08-16T04:46:47.038Z] <<< [apiv2][body] GET https://serviceusage.googleapis.com/v1/projects/jspotx-d51f9/services/artifactregistry.googleapis.com [omitted]
[info] ✔  artifactregistry: required API artifactregistry.googleapis.com is enabled 
[debug] [2023-08-16T04:46:47.039Z] >>> [apiv2][query] GET https://firebase.googleapis.com/v1beta1/projects/jspotx-d51f9/adminSdkConfig [none]
[debug] [2023-08-16T04:46:47.534Z] <<< [apiv2][status] GET https://firebase.googleapis.com/v1beta1/projects/jspotx-d51f9/adminSdkConfig 200
[debug] [2023-08-16T04:46:47.534Z] <<< [apiv2][body] GET https://firebase.googleapis.com/v1beta1/projects/jspotx-d51f9/adminSdkConfig {"projectId":"jspotx-d51f9","storageBucket":"jspotx-d51f9.appspot.com"}
[debug] [2023-08-16T04:46:47.535Z] >>> [apiv2][query] GET https://runtimeconfig.googleapis.com/v1beta1/projects/jspotx-d51f9/configs [none]
[debug] [2023-08-16T04:46:48.068Z] <<< [apiv2][status] GET https://runtimeconfig.googleapis.com/v1beta1/projects/jspotx-d51f9/configs 200
[debug] [2023-08-16T04:46:48.068Z] <<< [apiv2][body] GET https://runtimeconfig.googleapis.com/v1beta1/projects/jspotx-d51f9/configs {}
[debug] [2023-08-16T04:46:48.070Z] Validating nodejs source
[debug] [2023-08-16T04:46:50.828Z] > [functions] package.json contents: {
  "name": "functions",
  "scripts": {
    "lint": "eslint --ext .js,.ts .",
    "build": "tsc",
    "build:watch": "tsc --watch",
    "serve": "npm run build && firebase emulators:start --only functions",
    "shell": "npm run build && firebase functions:shell",
    "start": "npm run shell",
    "deploy": "firebase deploy --only functions",
    "logs": "firebase functions:log"
  },
  "engines": {
    "node": "18"
  },
  "main": "lib/index.js",
  "dependencies": {
    "firebase-admin": "^11.8.0",
    "firebase-functions": "^4.3.1"
  },
  "devDependencies": {
    "firebase-functions-test": "^3.1.0",
    "typescript": "^4.9.0"
  },
  "private": true
}
[debug] [2023-08-16T04:46:50.829Z] Building nodejs source
[info] i  functions: Loading and analyzing source code for codebase default to determine what to deploy 
[debug] [2023-08-16T04:46:50.830Z] Could not find functions.yaml. Must use http discovery
[debug] [2023-08-16T04:46:50.837Z] Found firebase-functions binary at '/Users/iamgideonidoko/Archive/Projects/jspotx/functions/node_modules/.bin/firebase-functions'
[info] Serving at port 8761

[debug] [2023-08-16T04:46:51.508Z] Got response from /__/functions.yaml {"endpoints":{"createUserDocument":{"platform":"gcfv1","availableMemoryMb":null,"timeoutSeconds":null,"minInstances":null,"maxInstances":null,"ingressSettings":null,"serviceAccountEmail":null,"vpc":null,"eventTrigger":{"eventType":"providers/firebase.auth/eventTypes/user.create","eventFilters":{"resource":"projects/jspotx-d51f9"},"retry":false},"labels":{},"entryPoint":"createUserDocument"}},"specVersion":"v1alpha1","requiredAPIs":[]}
[info] shutdown requested via /__/quitquitquit

[info] i  functions: preparing functions directory for uploading... 
[info] i  functions: packaged /Users/iamgideonidoko/Archive/Projects/jspotx/functions (162.71 KB) for uploading 
[debug] [2023-08-16T04:46:51.596Z] >>> [apiv2][query] GET https://cloudfunctions.googleapis.com/v1/projects/jspotx-d51f9/locations/-/functions [none]
[debug] [2023-08-16T04:46:52.839Z] <<< [apiv2][status] GET https://cloudfunctions.googleapis.com/v1/projects/jspotx-d51f9/locations/-/functions 200
[debug] [2023-08-16T04:46:52.839Z] <<< [apiv2][body] GET https://cloudfunctions.googleapis.com/v1/projects/jspotx-d51f9/locations/-/functions {}
[debug] [2023-08-16T04:46:52.841Z] >>> [apiv2][query] GET https://cloudfunctions.googleapis.com/v2/projects/jspotx-d51f9/locations/-/functions filter=environment%3D%22GEN_2%22
[debug] [2023-08-16T04:46:54.194Z] <<< [apiv2][status] GET https://cloudfunctions.googleapis.com/v2/projects/jspotx-d51f9/locations/-/functions 200
[debug] [2023-08-16T04:46:54.194Z] <<< [apiv2][body] GET https://cloudfunctions.googleapis.com/v2/projects/jspotx-d51f9/locations/-/functions {}
[debug] [2023-08-16T04:46:54.197Z] >>> [apiv2][query] GET https://firebase.googleapis.com/v1beta1/projects/jspotx-d51f9 [none]
[debug] [2023-08-16T04:46:54.848Z] <<< [apiv2][status] GET https://firebase.googleapis.com/v1beta1/projects/jspotx-d51f9 200
[debug] [2023-08-16T04:46:54.848Z] <<< [apiv2][body] GET https://firebase.googleapis.com/v1beta1/projects/jspotx-d51f9 {"projectId":"jspotx-d51f9","projectNumber":"587577824352","displayName":"jspotx","name":"projects/jspotx-d51f9","resources":{"hostingSite":"jspotx-d51f9"},"state":"ACTIVE","etag":"1_a36e2059-c9cf-46a5-af46-97d21b7e5b0a"}
[debug] [2023-08-16T04:46:54.849Z] >>> [apiv2][query] POST https://cloudfunctions.googleapis.com/v1/projects/jspotx-d51f9/locations/us-central1/functions:generateUploadUrl [none]
[debug] [2023-08-16T04:46:54.849Z] >>> [apiv2][body] POST https://cloudfunctions.googleapis.com/v1/projects/jspotx-d51f9/locations/us-central1/functions:generateUploadUrl {}
[debug] [2023-08-16T04:47:02.804Z] <<< [apiv2][status] POST https://cloudfunctions.googleapis.com/v1/projects/jspotx-d51f9/locations/us-central1/functions:generateUploadUrl 200
[debug] [2023-08-16T04:47:02.805Z] <<< [apiv2][body] POST https://cloudfunctions.googleapis.com/v1/projects/jspotx-d51f9/locations/us-central1/functions:generateUploadUrl {"uploadUrl":"https://storage.googleapis.com/uploads-263112141969.us-central1.cloudfunctions.appspot.com/a1fe0d9c-7d0c-468e-890c-e05c92c16e60.zip?GoogleAccessId=service-587577824352@gcf-admin-robot.iam.gserviceaccount.com&Expires=1692163022&Signature=OL3OFtX29%2F%2BeTv10d7I%2FcrTvA4Tp7mBFbOG%2FO5gvk6eEYoewZD10wK3b%2FNMHkQj6cJPKCFMthlVwyKL%2FD6%2BOeCWVnGTDrcdQ5njPMQ%2Fy940gJGiBKrUJSusVfrjpGHSDE%2FTs5ZPD70K3f%2FtDnKYBOpcpE%2F1UZoQ5CJ50rlwcXgV%2BIN%2Fiel48x%2BXOuGcW3VrlVJoHVKeZvwvOY2tCkXJSSVdj0Y5h2Jriewimw0JxRM1cnhaRmMH0gAGR8tqL7WlPILdQCcQm%2BNFTVHzoKGA5QOb1QwVoYYI%2BmjwtSZdBm6I5ydPbjV09k7%2FJD45TD3Tss1%2FY%2Fy%2BeZ14M3oC1txs3bA%3D%3D"}
[debug] [2023-08-16T04:47:02.805Z] >>> [apiv2][query] PUT https://storage.googleapis.com/uploads-263112141969.us-central1.cloudfunctions.appspot.com/a1fe0d9c-7d0c-468e-890c-e05c92c16e60.zip GoogleAccessId=service-587577824352%40gcf-admin-robot.iam.gserviceaccount.com&Expires=1692163022&Signature=OL3OFtX29%2F%2BeTv10d7I%2FcrTvA4Tp7mBFbOG%2FO5gvk6eEYoewZD10wK3b%2FNMHkQj6cJPKCFMthlVwyKL%2FD6%2BOeCWVnGTDrcdQ5njPMQ%2Fy940gJGiBKrUJSusVfrjpGHSDE%2FTs5ZPD70K3f%2FtDnKYBOpcpE%2F1UZoQ5CJ50rlwcXgV%2BIN%2Fiel48x%2BXOuGcW3VrlVJoHVKeZvwvOY2tCkXJSSVdj0Y5h2Jriewimw0JxRM1cnhaRmMH0gAGR8tqL7WlPILdQCcQm%2BNFTVHzoKGA5QOb1QwVoYYI%2BmjwtSZdBm6I5ydPbjV09k7%2FJD45TD3Tss1%2FY%2Fy%2BeZ14M3oC1txs3bA%3D%3D
[debug] [2023-08-16T04:47:02.806Z] >>> [apiv2][body] PUT https://storage.googleapis.com/uploads-263112141969.us-central1.cloudfunctions.appspot.com/a1fe0d9c-7d0c-468e-890c-e05c92c16e60.zip [stream]
[debug] [2023-08-16T04:47:04.434Z] <<< [apiv2][status] PUT https://storage.googleapis.com/uploads-263112141969.us-central1.cloudfunctions.appspot.com/a1fe0d9c-7d0c-468e-890c-e05c92c16e60.zip 200
[debug] [2023-08-16T04:47:04.434Z] <<< [apiv2][body] PUT https://storage.googleapis.com/uploads-263112141969.us-central1.cloudfunctions.appspot.com/a1fe0d9c-7d0c-468e-890c-e05c92c16e60.zip [omitted]
[info] ✔  functions: functions folder uploaded successfully 
[info] i  functions: creating Node.js 18 (1st Gen) function createUserDocument(us-central1)... 
[debug] [2023-08-16T04:47:04.439Z] >>> [apiv2][query] POST https://cloudfunctions.googleapis.com/v1/projects/jspotx-d51f9/locations/us-central1/functions [none]
[debug] [2023-08-16T04:47:04.439Z] >>> [apiv2][body] POST https://cloudfunctions.googleapis.com/v1/projects/jspotx-d51f9/locations/us-central1/functions {"name":"projects/jspotx-d51f9/locations/us-central1/functions/createUserDocument","sourceUploadUrl":"https://storage.googleapis.com/uploads-263112141969.us-central1.cloudfunctions.appspot.com/a1fe0d9c-7d0c-468e-890c-e05c92c16e60.zip?GoogleAccessId=service-587577824352@gcf-admin-robot.iam.gserviceaccount.com&Expires=1692163022&Signature=OL3OFtX29%2F%2BeTv10d7I%2FcrTvA4Tp7mBFbOG%2FO5gvk6eEYoewZD10wK3b%2FNMHkQj6cJPKCFMthlVwyKL%2FD6%2BOeCWVnGTDrcdQ5njPMQ%2Fy940gJGiBKrUJSusVfrjpGHSDE%2FTs5ZPD70K3f%2FtDnKYBOpcpE%2F1UZoQ5CJ50rlwcXgV%2BIN%2Fiel48x%2BXOuGcW3VrlVJoHVKeZvwvOY2tCkXJSSVdj0Y5h2Jriewimw0JxRM1cnhaRmMH0gAGR8tqL7WlPILdQCcQm%2BNFTVHzoKGA5QOb1QwVoYYI%2BmjwtSZdBm6I5ydPbjV09k7%2FJD45TD3Tss1%2FY%2Fy%2BeZ14M3oC1txs3bA%3D%3D","entryPoint":"createUserDocument","runtime":"nodejs18","dockerRegistry":"ARTIFACT_REGISTRY","labels":{"deployment-tool":"cli-firebase","firebase-functions-hash":"74acb266074a23e2b4270240992262a9fe214284"},"eventTrigger":{"eventType":"providers/firebase.auth/eventTypes/user.create","resource":"projects/jspotx-d51f9"},"minInstances":null,"maxInstances":null,"ingressSettings":null,"environmentVariables":{"FIREBASE_CONFIG":"{\"projectId\":\"jspotx-d51f9\",\"storageBucket\":\"jspotx-d51f9.appspot.com\"}","GCLOUD_PROJECT":"jspotx-d51f9","EVENTARC_CLOUD_EVENT_SOURCE":"projects/jspotx-d51f9/locations/us-central1/functions/createUserDocument"},"serviceAccountEmail":null,"availableMemoryMb":null,"timeout":null,"vpcConnector":null,"vpcConnectorEgressSettings":null,"buildEnvironmentVariables":{"GOOGLE_NODE_RUN_SCRIPTS":""}}
[debug] [2023-08-16T04:47:05.398Z] <<< [apiv2][status] POST https://cloudfunctions.googleapis.com/v1/projects/jspotx-d51f9/locations/us-central1/functions 200
[debug] [2023-08-16T04:47:05.399Z] <<< [apiv2][body] POST https://cloudfunctions.googleapis.com/v1/projects/jspotx-d51f9/locations/us-central1/functions {"name":"operations/anNwb3R4LWQ1MWY5L3VzLWNlbnRyYWwxL2NyZWF0ZVVzZXJEb2N1bWVudC8xNmhXWTJwQWlVVQ","metadata":{"@type":"type.googleapis.com/google.cloud.functions.v1.OperationMetadataV1","target":"projects/jspotx-d51f9/locations/us-central1/functions/createUserDocument","type":"CREATE_FUNCTION","request":{"@type":"type.googleapis.com/google.cloud.functions.v1.CloudFunction","name":"projects/jspotx-d51f9/locations/us-central1/functions/createUserDocument","eventTrigger":{"eventType":"providers/firebase.auth/eventTypes/user.create","resource":"projects/jspotx-d51f9"},"entryPoint":"createUserDocument","labels":{"deployment-tool":"cli-firebase","firebase-functions-hash":"74acb266074a23e2b4270240992262a9fe214284"},"sourceUploadUrl":"https://storage.googleapis.com/uploads-263112141969.us-central1.cloudfunctions.appspot.com/a1fe0d9c-7d0c-468e-890c-e05c92c16e60.zip?GoogleAccessId=service-587577824352@gcf-admin-robot.iam.gserviceaccount.com&Expires=1692163022&Signature=OL3OFtX29%2F%2BeTv10d7I%2FcrTvA4Tp7mBFbOG%2FO5gvk6eEYoewZD10wK3b%2FNMHkQj6cJPKCFMthlVwyKL%2FD6%2BOeCWVnGTDrcdQ5njPMQ%2Fy940gJGiBKrUJSusVfrjpGHSDE%2FTs5ZPD70K3f%2FtDnKYBOpcpE%2F1UZoQ5CJ50rlwcXgV%2BIN%2Fiel48x%2BXOuGcW3VrlVJoHVKeZvwvOY2tCkXJSSVdj0Y5h2Jriewimw0JxRM1cnhaRmMH0gAGR8tqL7WlPILdQCcQm%2BNFTVHzoKGA5QOb1QwVoYYI%2BmjwtSZdBm6I5ydPbjV09k7%2FJD45TD3Tss1%2FY%2Fy%2BeZ14M3oC1txs3bA%3D%3D","environmentVariables":{"FIREBASE_CONFIG":"{\"projectId\":\"jspotx-d51f9\",\"storageBucket\":\"jspotx-d51f9.appspot.com\"}","GCLOUD_PROJECT":"jspotx-d51f9","EVENTARC_CLOUD_EVENT_SOURCE":"projects/jspotx-d51f9/locations/us-central1/functions/createUserDocument"},"runtime":"nodejs18","buildEnvironmentVariables":{"GOOGLE_NODE_RUN_SCRIPTS":""},"dockerRegistry":"ARTIFACT_REGISTRY"},"versionId":"1","updateTime":"2023-08-16T04:47:05Z"}}
[debug] [2023-08-16T04:47:05.400Z] >>> [apiv2][query] GET https://cloudfunctions.googleapis.com/v1/operations/anNwb3R4LWQ1MWY5L3VzLWNlbnRyYWwxL2NyZWF0ZVVzZXJEb2N1bWVudC8xNmhXWTJwQWlVVQ [none]
[debug] [2023-08-16T04:47:05.969Z] <<< [apiv2][status] GET https://cloudfunctions.googleapis.com/v1/operations/anNwb3R4LWQ1MWY5L3VzLWNlbnRyYWwxL2NyZWF0ZVVzZXJEb2N1bWVudC8xNmhXWTJwQWlVVQ 200
[debug] [2023-08-16T04:47:05.969Z] <<< [apiv2][body] GET https://cloudfunctions.googleapis.com/v1/operations/anNwb3R4LWQ1MWY5L3VzLWNlbnRyYWwxL2NyZWF0ZVVzZXJEb2N1bWVudC8xNmhXWTJwQWlVVQ {"name":"operations/anNwb3R4LWQ1MWY5L3VzLWNlbnRyYWwxL2NyZWF0ZVVzZXJEb2N1bWVudC8xNmhXWTJwQWlVVQ","metadata":{"@type":"type.googleapis.com/google.cloud.functions.v1.OperationMetadataV1","target":"projects/jspotx-d51f9/locations/us-central1/functions/createUserDocument","type":"CREATE_FUNCTION","request":{"@type":"type.googleapis.com/google.cloud.functions.v1.CloudFunction","name":"projects/jspotx-d51f9/locations/us-central1/functions/createUserDocument","eventTrigger":{"eventType":"providers/firebase.auth/eventTypes/user.create","resource":"projects/jspotx-d51f9"},"entryPoint":"createUserDocument","labels":{"deployment-tool":"cli-firebase","firebase-functions-hash":"74acb266074a23e2b4270240992262a9fe214284"},"sourceUploadUrl":"https://storage.googleapis.com/uploads-263112141969.us-central1.cloudfunctions.appspot.com/a1fe0d9c-7d0c-468e-890c-e05c92c16e60.zip?GoogleAccessId=service-587577824352@gcf-admin-robot.iam.gserviceaccount.com&Expires=1692163022&Signature=OL3OFtX29%2F%2BeTv10d7I%2FcrTvA4Tp7mBFbOG%2FO5gvk6eEYoewZD10wK3b%2FNMHkQj6cJPKCFMthlVwyKL%2FD6%2BOeCWVnGTDrcdQ5njPMQ%2Fy940gJGiBKrUJSusVfrjpGHSDE%2FTs5ZPD70K3f%2FtDnKYBOpcpE%2F1UZoQ5CJ50rlwcXgV%2BIN%2Fiel48x%2BXOuGcW3VrlVJoHVKeZvwvOY2tCkXJSSVdj0Y5h2Jriewimw0JxRM1cnhaRmMH0gAGR8tqL7WlPILdQCcQm%2BNFTVHzoKGA5QOb1QwVoYYI%2BmjwtSZdBm6I5ydPbjV09k7%2FJD45TD3Tss1%2FY%2Fy%2BeZ14M3oC1txs3bA%3D%3D","environmentVariables":{"FIREBASE_CONFIG":"{\"projectId\":\"jspotx-d51f9\",\"storageBucket\":\"jspotx-d51f9.appspot.com\"}","GCLOUD_PROJECT":"jspotx-d51f9","EVENTARC_CLOUD_EVENT_SOURCE":"projects/jspotx-d51f9/locations/us-central1/functions/createUserDocument"},"runtime":"nodejs18","buildEnvironmentVariables":{"GOOGLE_NODE_RUN_SCRIPTS":""},"dockerRegistry":"ARTIFACT_REGISTRY"},"versionId":"1","updateTime":"2023-08-16T04:47:05Z"}}
[debug] [2023-08-16T04:47:06.470Z] [create-default-us-central1-createUserDocument] Retrying task index 0
[debug] [2023-08-16T04:47:06.471Z] >>> [apiv2][query] GET https://cloudfunctions.googleapis.com/v1/operations/anNwb3R4LWQ1MWY5L3VzLWNlbnRyYWwxL2NyZWF0ZVVzZXJEb2N1bWVudC8xNmhXWTJwQWlVVQ [none]
[debug] [2023-08-16T04:47:06.995Z] <<< [apiv2][status] GET https://cloudfunctions.googleapis.com/v1/operations/anNwb3R4LWQ1MWY5L3VzLWNlbnRyYWwxL2NyZWF0ZVVzZXJEb2N1bWVudC8xNmhXWTJwQWlVVQ 200
[debug] [2023-08-16T04:47:06.995Z] <<< [apiv2][body] GET https://cloudfunctions.googleapis.com/v1/operations/anNwb3R4LWQ1MWY5L3VzLWNlbnRyYWwxL2NyZWF0ZVVzZXJEb2N1bWVudC8xNmhXWTJwQWlVVQ {"name":"operations/anNwb3R4LWQ1MWY5L3VzLWNlbnRyYWwxL2NyZWF0ZVVzZXJEb2N1bWVudC8xNmhXWTJwQWlVVQ","metadata":{"@type":"type.googleapis.com/google.cloud.functions.v1.OperationMetadataV1","target":"projects/jspotx-d51f9/locations/us-central1/functions/createUserDocument","type":"CREATE_FUNCTION","request":{"@type":"type.googleapis.com/google.cloud.functions.v1.CloudFunction","name":"projects/jspotx-d51f9/locations/us-central1/functions/createUserDocument","eventTrigger":{"eventType":"providers/firebase.auth/eventTypes/user.create","resource":"projects/jspotx-d51f9"},"entryPoint":"createUserDocument","labels":{"deployment-tool":"cli-firebase","firebase-functions-hash":"74acb266074a23e2b4270240992262a9fe214284"},"sourceUploadUrl":"https://storage.googleapis.com/uploads-263112141969.us-central1.cloudfunctions.appspot.com/a1fe0d9c-7d0c-468e-890c-e05c92c16e60.zip?GoogleAccessId=service-587577824352@gcf-admin-robot.iam.gserviceaccount.com&Expires=1692163022&Signature=OL3OFtX29%2F%2BeTv10d7I%2FcrTvA4Tp7mBFbOG%2FO5gvk6eEYoewZD10wK3b%2FNMHkQj6cJPKCFMthlVwyKL%2FD6%2BOeCWVnGTDrcdQ5njPMQ%2Fy940gJGiBKrUJSusVfrjpGHSDE%2FTs5ZPD70K3f%2FtDnKYBOpcpE%2F1UZoQ5CJ50rlwcXgV%2BIN%2Fiel48x%2BXOuGcW3VrlVJoHVKeZvwvOY2tCkXJSSVdj0Y5h2Jriewimw0JxRM1cnhaRmMH0gAGR8tqL7WlPILdQCcQm%2BNFTVHzoKGA5QOb1QwVoYYI%2BmjwtSZdBm6I5ydPbjV09k7%2FJD45TD3Tss1%2FY%2Fy%2BeZ14M3oC1txs3bA%3D%3D","environmentVariables":{"FIREBASE_CONFIG":"{\"projectId\":\"jspotx-d51f9\",\"storageBucket\":\"jspotx-d51f9.appspot.com\"}","GCLOUD_PROJECT":"jspotx-d51f9","EVENTARC_CLOUD_EVENT_SOURCE":"projects/jspotx-d51f9/locations/us-central1/functions/createUserDocument"},"runtime":"nodejs18","buildEnvironmentVariables":{"GOOGLE_NODE_RUN_SCRIPTS":""},"dockerRegistry":"ARTIFACT_REGISTRY"},"versionId":"1","updateTime":"2023-08-16T04:47:05Z"}}
[debug] [2023-08-16T04:47:07.997Z] [create-default-us-central1-createUserDocument] Retrying task index 0
[debug] [2023-08-16T04:47:07.998Z] >>> [apiv2][query] GET https://cloudfunctions.googleapis.com/v1/operations/anNwb3R4LWQ1MWY5L3VzLWNlbnRyYWwxL2NyZWF0ZVVzZXJEb2N1bWVudC8xNmhXWTJwQWlVVQ [none]
[debug] [2023-08-16T04:47:08.522Z] <<< [apiv2][status] GET https://cloudfunctions.googleapis.com/v1/operations/anNwb3R4LWQ1MWY5L3VzLWNlbnRyYWwxL2NyZWF0ZVVzZXJEb2N1bWVudC8xNmhXWTJwQWlVVQ 200
[debug] [2023-08-16T04:47:08.522Z] <<< [apiv2][body] GET https://cloudfunctions.googleapis.com/v1/operations/anNwb3R4LWQ1MWY5L3VzLWNlbnRyYWwxL2NyZWF0ZVVzZXJEb2N1bWVudC8xNmhXWTJwQWlVVQ {"name":"operations/anNwb3R4LWQ1MWY5L3VzLWNlbnRyYWwxL2NyZWF0ZVVzZXJEb2N1bWVudC8xNmhXWTJwQWlVVQ","metadata":{"@type":"type.googleapis.com/google.cloud.functions.v1.OperationMetadataV1","target":"projects/jspotx-d51f9/locations/us-central1/functions/createUserDocument","type":"CREATE_FUNCTION","request":{"@type":"type.googleapis.com/google.cloud.functions.v1.CloudFunction","name":"projects/jspotx-d51f9/locations/us-central1/functions/createUserDocument","eventTrigger":{"eventType":"providers/firebase.auth/eventTypes/user.create","resource":"projects/jspotx-d51f9"},"entryPoint":"createUserDocument","labels":{"deployment-tool":"cli-firebase","firebase-functions-hash":"74acb266074a23e2b4270240992262a9fe214284"},"sourceUploadUrl":"https://storage.googleapis.com/uploads-263112141969.us-central1.cloudfunctions.appspot.com/a1fe0d9c-7d0c-468e-890c-e05c92c16e60.zip?GoogleAccessId=service-587577824352@gcf-admin-robot.iam.gserviceaccount.com&Expires=1692163022&Signature=OL3OFtX29%2F%2BeTv10d7I%2FcrTvA4Tp7mBFbOG%2FO5gvk6eEYoewZD10wK3b%2FNMHkQj6cJPKCFMthlVwyKL%2FD6%2BOeCWVnGTDrcdQ5njPMQ%2Fy940gJGiBKrUJSusVfrjpGHSDE%2FTs5ZPD70K3f%2FtDnKYBOpcpE%2F1UZoQ5CJ50rlwcXgV%2BIN%2Fiel48x%2BXOuGcW3VrlVJoHVKeZvwvOY2tCkXJSSVdj0Y5h2Jriewimw0JxRM1cnhaRmMH0gAGR8tqL7WlPILdQCcQm%2BNFTVHzoKGA5QOb1QwVoYYI%2BmjwtSZdBm6I5ydPbjV09k7%2FJD45TD3Tss1%2FY%2Fy%2BeZ14M3oC1txs3bA%3D%3D","environmentVariables":{"FIREBASE_CONFIG":"{\"projectId\":\"jspotx-d51f9\",\"storageBucket\":\"jspotx-d51f9.appspot.com\"}","GCLOUD_PROJECT":"jspotx-d51f9","EVENTARC_CLOUD_EVENT_SOURCE":"projects/jspotx-d51f9/locations/us-central1/functions/createUserDocument"},"runtime":"nodejs18","buildEnvironmentVariables":{"GOOGLE_NODE_RUN_SCRIPTS":""},"dockerRegistry":"ARTIFACT_REGISTRY"},"versionId":"1","updateTime":"2023-08-16T04:47:05Z"}}
[debug] [2023-08-16T04:47:10.524Z] [create-default-us-central1-createUserDocument] Retrying task index 0
[debug] [2023-08-16T04:47:10.525Z] >>> [apiv2][query] GET https://cloudfunctions.googleapis.com/v1/operations/anNwb3R4LWQ1MWY5L3VzLWNlbnRyYWwxL2NyZWF0ZVVzZXJEb2N1bWVudC8xNmhXWTJwQWlVVQ [none]
[debug] [2023-08-16T04:47:11.074Z] <<< [apiv2][status] GET https://cloudfunctions.googleapis.com/v1/operations/anNwb3R4LWQ1MWY5L3VzLWNlbnRyYWwxL2NyZWF0ZVVzZXJEb2N1bWVudC8xNmhXWTJwQWlVVQ 200
[debug] [2023-08-16T04:47:11.074Z] <<< [apiv2][body] GET https://cloudfunctions.googleapis.com/v1/operations/anNwb3R4LWQ1MWY5L3VzLWNlbnRyYWwxL2NyZWF0ZVVzZXJEb2N1bWVudC8xNmhXWTJwQWlVVQ {"name":"operations/anNwb3R4LWQ1MWY5L3VzLWNlbnRyYWwxL2NyZWF0ZVVzZXJEb2N1bWVudC8xNmhXWTJwQWlVVQ","metadata":{"@type":"type.googleapis.com/google.cloud.functions.v1.OperationMetadataV1","target":"projects/jspotx-d51f9/locations/us-central1/functions/createUserDocument","type":"CREATE_FUNCTION","request":{"@type":"type.googleapis.com/google.cloud.functions.v1.CloudFunction","name":"projects/jspotx-d51f9/locations/us-central1/functions/createUserDocument","eventTrigger":{"eventType":"providers/firebase.auth/eventTypes/user.create","resource":"projects/jspotx-d51f9"},"entryPoint":"createUserDocument","labels":{"deployment-tool":"cli-firebase","firebase-functions-hash":"74acb266074a23e2b4270240992262a9fe214284"},"sourceUploadUrl":"https://storage.googleapis.com/uploads-263112141969.us-central1.cloudfunctions.appspot.com/a1fe0d9c-7d0c-468e-890c-e05c92c16e60.zip?GoogleAccessId=service-587577824352@gcf-admin-robot.iam.gserviceaccount.com&Expires=1692163022&Signature=OL3OFtX29%2F%2BeTv10d7I%2FcrTvA4Tp7mBFbOG%2FO5gvk6eEYoewZD10wK3b%2FNMHkQj6cJPKCFMthlVwyKL%2FD6%2BOeCWVnGTDrcdQ5njPMQ%2Fy940gJGiBKrUJSusVfrjpGHSDE%2FTs5ZPD70K3f%2FtDnKYBOpcpE%2F1UZoQ5CJ50rlwcXgV%2BIN%2Fiel48x%2BXOuGcW3VrlVJoHVKeZvwvOY2tCkXJSSVdj0Y5h2Jriewimw0JxRM1cnhaRmMH0gAGR8tqL7WlPILdQCcQm%2BNFTVHzoKGA5QOb1QwVoYYI%2BmjwtSZdBm6I5ydPbjV09k7%2FJD45TD3Tss1%2FY%2Fy%2BeZ14M3oC1txs3bA%3D%3D","environmentVariables":{"FIREBASE_CONFIG":"{\"projectId\":\"jspotx-d51f9\",\"storageBucket\":\"jspotx-d51f9.appspot.com\"}","GCLOUD_PROJECT":"jspotx-d51f9","EVENTARC_CLOUD_EVENT_SOURCE":"projects/jspotx-d51f9/locations/us-central1/functions/createUserDocument"},"runtime":"nodejs18","buildEnvironmentVariables":{"GOOGLE_NODE_RUN_SCRIPTS":""},"dockerRegistry":"ARTIFACT_REGISTRY"},"versionId":"1","updateTime":"2023-08-16T04:47:05Z"}}
[debug] [2023-08-16T04:47:15.075Z] [create-default-us-central1-createUserDocument] Retrying task index 0
[debug] [2023-08-16T04:47:15.075Z] >>> [apiv2][query] GET https://cloudfunctions.googleapis.com/v1/operations/anNwb3R4LWQ1MWY5L3VzLWNlbnRyYWwxL2NyZWF0ZVVzZXJEb2N1bWVudC8xNmhXWTJwQWlVVQ [none]
[debug] [2023-08-16T04:47:15.819Z] <<< [apiv2][status] GET https://cloudfunctions.googleapis.com/v1/operations/anNwb3R4LWQ1MWY5L3VzLWNlbnRyYWwxL2NyZWF0ZVVzZXJEb2N1bWVudC8xNmhXWTJwQWlVVQ 200
[debug] [2023-08-16T04:47:15.819Z] <<< [apiv2][body] GET https://cloudfunctions.googleapis.com/v1/operations/anNwb3R4LWQ1MWY5L3VzLWNlbnRyYWwxL2NyZWF0ZVVzZXJEb2N1bWVudC8xNmhXWTJwQWlVVQ {"name":"operations/anNwb3R4LWQ1MWY5L3VzLWNlbnRyYWwxL2NyZWF0ZVVzZXJEb2N1bWVudC8xNmhXWTJwQWlVVQ","metadata":{"@type":"type.googleapis.com/google.cloud.functions.v1.OperationMetadataV1","target":"projects/jspotx-d51f9/locations/us-central1/functions/createUserDocument","type":"CREATE_FUNCTION","request":{"@type":"type.googleapis.com/google.cloud.functions.v1.CloudFunction","name":"projects/jspotx-d51f9/locations/us-central1/functions/createUserDocument","eventTrigger":{"eventType":"providers/firebase.auth/eventTypes/user.create","resource":"projects/jspotx-d51f9"},"entryPoint":"createUserDocument","labels":{"deployment-tool":"cli-firebase","firebase-functions-hash":"74acb266074a23e2b4270240992262a9fe214284"},"sourceUploadUrl":"https://storage.googleapis.com/uploads-263112141969.us-central1.cloudfunctions.appspot.com/a1fe0d9c-7d0c-468e-890c-e05c92c16e60.zip?GoogleAccessId=service-587577824352@gcf-admin-robot.iam.gserviceaccount.com&Expires=1692163022&Signature=OL3OFtX29%2F%2BeTv10d7I%2FcrTvA4Tp7mBFbOG%2FO5gvk6eEYoewZD10wK3b%2FNMHkQj6cJPKCFMthlVwyKL%2FD6%2BOeCWVnGTDrcdQ5njPMQ%2Fy940gJGiBKrUJSusVfrjpGHSDE%2FTs5ZPD70K3f%2FtDnKYBOpcpE%2F1UZoQ5CJ50rlwcXgV%2BIN%2Fiel48x%2BXOuGcW3VrlVJoHVKeZvwvOY2tCkXJSSVdj0Y5h2Jriewimw0JxRM1cnhaRmMH0gAGR8tqL7WlPILdQCcQm%2BNFTVHzoKGA5QOb1QwVoYYI%2BmjwtSZdBm6I5ydPbjV09k7%2FJD45TD3Tss1%2FY%2Fy%2BeZ14M3oC1txs3bA%3D%3D","environmentVariables":{"FIREBASE_CONFIG":"{\"projectId\":\"jspotx-d51f9\",\"storageBucket\":\"jspotx-d51f9.appspot.com\"}","GCLOUD_PROJECT":"jspotx-d51f9","EVENTARC_CLOUD_EVENT_SOURCE":"projects/jspotx-d51f9/locations/us-central1/functions/createUserDocument"},"runtime":"nodejs18","buildEnvironmentVariables":{"GOOGLE_NODE_RUN_SCRIPTS":""},"dockerRegistry":"ARTIFACT_REGISTRY"},"versionId":"1","updateTime":"2023-08-16T04:47:05Z"}}
[debug] [2023-08-16T04:47:23.820Z] [create-default-us-central1-createUserDocument] Retrying task index 0
[debug] [2023-08-16T04:47:23.821Z] >>> [apiv2][query] GET https://cloudfunctions.googleapis.com/v1/operations/anNwb3R4LWQ1MWY5L3VzLWNlbnRyYWwxL2NyZWF0ZVVzZXJEb2N1bWVudC8xNmhXWTJwQWlVVQ [none]
[debug] [2023-08-16T04:47:24.600Z] <<< [apiv2][status] GET https://cloudfunctions.googleapis.com/v1/operations/anNwb3R4LWQ1MWY5L3VzLWNlbnRyYWwxL2NyZWF0ZVVzZXJEb2N1bWVudC8xNmhXWTJwQWlVVQ 200
[debug] [2023-08-16T04:47:24.601Z] <<< [apiv2][body] GET https://cloudfunctions.googleapis.com/v1/operations/anNwb3R4LWQ1MWY5L3VzLWNlbnRyYWwxL2NyZWF0ZVVzZXJEb2N1bWVudC8xNmhXWTJwQWlVVQ {"name":"operations/anNwb3R4LWQ1MWY5L3VzLWNlbnRyYWwxL2NyZWF0ZVVzZXJEb2N1bWVudC8xNmhXWTJwQWlVVQ","metadata":{"@type":"type.googleapis.com/google.cloud.functions.v1.OperationMetadataV1","target":"projects/jspotx-d51f9/locations/us-central1/functions/createUserDocument","type":"CREATE_FUNCTION","request":{"@type":"type.googleapis.com/google.cloud.functions.v1.CloudFunction","name":"projects/jspotx-d51f9/locations/us-central1/functions/createUserDocument","eventTrigger":{"eventType":"providers/firebase.auth/eventTypes/user.create","resource":"projects/jspotx-d51f9"},"entryPoint":"createUserDocument","labels":{"deployment-tool":"cli-firebase","firebase-functions-hash":"74acb266074a23e2b4270240992262a9fe214284"},"sourceUploadUrl":"https://storage.googleapis.com/uploads-263112141969.us-central1.cloudfunctions.appspot.com/a1fe0d9c-7d0c-468e-890c-e05c92c16e60.zip?GoogleAccessId=service-587577824352@gcf-admin-robot.iam.gserviceaccount.com&Expires=1692163022&Signature=OL3OFtX29%2F%2BeTv10d7I%2FcrTvA4Tp7mBFbOG%2FO5gvk6eEYoewZD10wK3b%2FNMHkQj6cJPKCFMthlVwyKL%2FD6%2BOeCWVnGTDrcdQ5njPMQ%2Fy940gJGiBKrUJSusVfrjpGHSDE%2FTs5ZPD70K3f%2FtDnKYBOpcpE%2F1UZoQ5CJ50rlwcXgV%2BIN%2Fiel48x%2BXOuGcW3VrlVJoHVKeZvwvOY2tCkXJSSVdj0Y5h2Jriewimw0JxRM1cnhaRmMH0gAGR8tqL7WlPILdQCcQm%2BNFTVHzoKGA5QOb1QwVoYYI%2BmjwtSZdBm6I5ydPbjV09k7%2FJD45TD3Tss1%2FY%2Fy%2BeZ14M3oC1txs3bA%3D%3D","environmentVariables":{"FIREBASE_CONFIG":"{\"projectId\":\"jspotx-d51f9\",\"storageBucket\":\"jspotx-d51f9.appspot.com\"}","GCLOUD_PROJECT":"jspotx-d51f9","EVENTARC_CLOUD_EVENT_SOURCE":"projects/jspotx-d51f9/locations/us-central1/functions/createUserDocument"},"runtime":"nodejs18","buildEnvironmentVariables":{"GOOGLE_NODE_RUN_SCRIPTS":""},"dockerRegistry":"ARTIFACT_REGISTRY"},"versionId":"1","updateTime":"2023-08-16T04:47:05Z","buildId":"4805af4b-f4d8-459f-8da8-943bf90dc781","buildName":"projects/587577824352/locations/us-central1/builds/4805af4b-f4d8-459f-8da8-943bf90dc781"}}
[debug] [2023-08-16T04:47:34.601Z] [create-default-us-central1-createUserDocument] Retrying task index 0
[debug] [2023-08-16T04:47:34.602Z] >>> [apiv2][query] GET https://cloudfunctions.googleapis.com/v1/operations/anNwb3R4LWQ1MWY5L3VzLWNlbnRyYWwxL2NyZWF0ZVVzZXJEb2N1bWVudC8xNmhXWTJwQWlVVQ [none]
[debug] [2023-08-16T04:47:35.294Z] <<< [apiv2][status] GET https://cloudfunctions.googleapis.com/v1/operations/anNwb3R4LWQ1MWY5L3VzLWNlbnRyYWwxL2NyZWF0ZVVzZXJEb2N1bWVudC8xNmhXWTJwQWlVVQ 200
[debug] [2023-08-16T04:47:35.294Z] <<< [apiv2][body] GET https://cloudfunctions.googleapis.com/v1/operations/anNwb3R4LWQ1MWY5L3VzLWNlbnRyYWwxL2NyZWF0ZVVzZXJEb2N1bWVudC8xNmhXWTJwQWlVVQ {"name":"operations/anNwb3R4LWQ1MWY5L3VzLWNlbnRyYWwxL2NyZWF0ZVVzZXJEb2N1bWVudC8xNmhXWTJwQWlVVQ","metadata":{"@type":"type.googleapis.com/google.cloud.functions.v1.OperationMetadataV1","target":"projects/jspotx-d51f9/locations/us-central1/functions/createUserDocument","type":"CREATE_FUNCTION","request":{"@type":"type.googleapis.com/google.cloud.functions.v1.CloudFunction","name":"projects/jspotx-d51f9/locations/us-central1/functions/createUserDocument","eventTrigger":{"eventType":"providers/firebase.auth/eventTypes/user.create","resource":"projects/jspotx-d51f9"},"entryPoint":"createUserDocument","labels":{"deployment-tool":"cli-firebase","firebase-functions-hash":"74acb266074a23e2b4270240992262a9fe214284"},"sourceUploadUrl":"https://storage.googleapis.com/uploads-263112141969.us-central1.cloudfunctions.appspot.com/a1fe0d9c-7d0c-468e-890c-e05c92c16e60.zip?GoogleAccessId=service-587577824352@gcf-admin-robot.iam.gserviceaccount.com&Expires=1692163022&Signature=OL3OFtX29%2F%2BeTv10d7I%2FcrTvA4Tp7mBFbOG%2FO5gvk6eEYoewZD10wK3b%2FNMHkQj6cJPKCFMthlVwyKL%2FD6%2BOeCWVnGTDrcdQ5njPMQ%2Fy940gJGiBKrUJSusVfrjpGHSDE%2FTs5ZPD70K3f%2FtDnKYBOpcpE%2F1UZoQ5CJ50rlwcXgV%2BIN%2Fiel48x%2BXOuGcW3VrlVJoHVKeZvwvOY2tCkXJSSVdj0Y5h2Jriewimw0JxRM1cnhaRmMH0gAGR8tqL7WlPILdQCcQm%2BNFTVHzoKGA5QOb1QwVoYYI%2BmjwtSZdBm6I5ydPbjV09k7%2FJD45TD3Tss1%2FY%2Fy%2BeZ14M3oC1txs3bA%3D%3D","environmentVariables":{"FIREBASE_CONFIG":"{\"projectId\":\"jspotx-d51f9\",\"storageBucket\":\"jspotx-d51f9.appspot.com\"}","GCLOUD_PROJECT":"jspotx-d51f9","EVENTARC_CLOUD_EVENT_SOURCE":"projects/jspotx-d51f9/locations/us-central1/functions/createUserDocument"},"runtime":"nodejs18","buildEnvironmentVariables":{"GOOGLE_NODE_RUN_SCRIPTS":""},"dockerRegistry":"ARTIFACT_REGISTRY"},"versionId":"1","updateTime":"2023-08-16T04:47:05Z","buildId":"4805af4b-f4d8-459f-8da8-943bf90dc781","buildName":"projects/587577824352/locations/us-central1/builds/4805af4b-f4d8-459f-8da8-943bf90dc781"}}
[debug] [2023-08-16T04:47:45.295Z] [create-default-us-central1-createUserDocument] Retrying task index 0
[debug] [2023-08-16T04:47:45.295Z] >>> [apiv2][query] GET https://cloudfunctions.googleapis.com/v1/operations/anNwb3R4LWQ1MWY5L3VzLWNlbnRyYWwxL2NyZWF0ZVVzZXJEb2N1bWVudC8xNmhXWTJwQWlVVQ [none]
[debug] [2023-08-16T04:47:45.911Z] <<< [apiv2][status] GET https://cloudfunctions.googleapis.com/v1/operations/anNwb3R4LWQ1MWY5L3VzLWNlbnRyYWwxL2NyZWF0ZVVzZXJEb2N1bWVudC8xNmhXWTJwQWlVVQ 200
[debug] [2023-08-16T04:47:45.911Z] <<< [apiv2][body] GET https://cloudfunctions.googleapis.com/v1/operations/anNwb3R4LWQ1MWY5L3VzLWNlbnRyYWwxL2NyZWF0ZVVzZXJEb2N1bWVudC8xNmhXWTJwQWlVVQ {"name":"operations/anNwb3R4LWQ1MWY5L3VzLWNlbnRyYWwxL2NyZWF0ZVVzZXJEb2N1bWVudC8xNmhXWTJwQWlVVQ","metadata":{"@type":"type.googleapis.com/google.cloud.functions.v1.OperationMetadataV1","target":"projects/jspotx-d51f9/locations/us-central1/functions/createUserDocument","type":"CREATE_FUNCTION","request":{"@type":"type.googleapis.com/google.cloud.functions.v1.CloudFunction","name":"projects/jspotx-d51f9/locations/us-central1/functions/createUserDocument","eventTrigger":{"eventType":"providers/firebase.auth/eventTypes/user.create","resource":"projects/jspotx-d51f9"},"entryPoint":"createUserDocument","labels":{"deployment-tool":"cli-firebase","firebase-functions-hash":"74acb266074a23e2b4270240992262a9fe214284"},"sourceUploadUrl":"https://storage.googleapis.com/uploads-263112141969.us-central1.cloudfunctions.appspot.com/a1fe0d9c-7d0c-468e-890c-e05c92c16e60.zip?GoogleAccessId=service-587577824352@gcf-admin-robot.iam.gserviceaccount.com&Expires=1692163022&Signature=OL3OFtX29%2F%2BeTv10d7I%2FcrTvA4Tp7mBFbOG%2FO5gvk6eEYoewZD10wK3b%2FNMHkQj6cJPKCFMthlVwyKL%2FD6%2BOeCWVnGTDrcdQ5njPMQ%2Fy940gJGiBKrUJSusVfrjpGHSDE%2FTs5ZPD70K3f%2FtDnKYBOpcpE%2F1UZoQ5CJ50rlwcXgV%2BIN%2Fiel48x%2BXOuGcW3VrlVJoHVKeZvwvOY2tCkXJSSVdj0Y5h2Jriewimw0JxRM1cnhaRmMH0gAGR8tqL7WlPILdQCcQm%2BNFTVHzoKGA5QOb1QwVoYYI%2BmjwtSZdBm6I5ydPbjV09k7%2FJD45TD3Tss1%2FY%2Fy%2BeZ14M3oC1txs3bA%3D%3D","environmentVariables":{"FIREBASE_CONFIG":"{\"projectId\":\"jspotx-d51f9\",\"storageBucket\":\"jspotx-d51f9.appspot.com\"}","GCLOUD_PROJECT":"jspotx-d51f9","EVENTARC_CLOUD_EVENT_SOURCE":"projects/jspotx-d51f9/locations/us-central1/functions/createUserDocument"},"runtime":"nodejs18","buildEnvironmentVariables":{"GOOGLE_NODE_RUN_SCRIPTS":""},"dockerRegistry":"ARTIFACT_REGISTRY"},"versionId":"1","updateTime":"2023-08-16T04:47:05Z","buildId":"4805af4b-f4d8-459f-8da8-943bf90dc781","buildName":"projects/587577824352/locations/us-central1/builds/4805af4b-f4d8-459f-8da8-943bf90dc781"}}
[debug] [2023-08-16T04:47:55.913Z] [create-default-us-central1-createUserDocument] Retrying task index 0
[debug] [2023-08-16T04:47:55.914Z] >>> [apiv2][query] GET https://cloudfunctions.googleapis.com/v1/operations/anNwb3R4LWQ1MWY5L3VzLWNlbnRyYWwxL2NyZWF0ZVVzZXJEb2N1bWVudC8xNmhXWTJwQWlVVQ [none]
[debug] [2023-08-16T04:47:56.715Z] <<< [apiv2][status] GET https://cloudfunctions.googleapis.com/v1/operations/anNwb3R4LWQ1MWY5L3VzLWNlbnRyYWwxL2NyZWF0ZVVzZXJEb2N1bWVudC8xNmhXWTJwQWlVVQ 200
[debug] [2023-08-16T04:47:56.715Z] <<< [apiv2][body] GET https://cloudfunctions.googleapis.com/v1/operations/anNwb3R4LWQ1MWY5L3VzLWNlbnRyYWwxL2NyZWF0ZVVzZXJEb2N1bWVudC8xNmhXWTJwQWlVVQ {"name":"operations/anNwb3R4LWQ1MWY5L3VzLWNlbnRyYWwxL2NyZWF0ZVVzZXJEb2N1bWVudC8xNmhXWTJwQWlVVQ","metadata":{"@type":"type.googleapis.com/google.cloud.functions.v1.OperationMetadataV1","target":"projects/jspotx-d51f9/locations/us-central1/functions/createUserDocument","type":"CREATE_FUNCTION","request":{"@type":"type.googleapis.com/google.cloud.functions.v1.CloudFunction","name":"projects/jspotx-d51f9/locations/us-central1/functions/createUserDocument","eventTrigger":{"eventType":"providers/firebase.auth/eventTypes/user.create","resource":"projects/jspotx-d51f9"},"entryPoint":"createUserDocument","labels":{"deployment-tool":"cli-firebase","firebase-functions-hash":"74acb266074a23e2b4270240992262a9fe214284"},"sourceUploadUrl":"https://storage.googleapis.com/uploads-263112141969.us-central1.cloudfunctions.appspot.com/a1fe0d9c-7d0c-468e-890c-e05c92c16e60.zip?GoogleAccessId=service-587577824352@gcf-admin-robot.iam.gserviceaccount.com&Expires=1692163022&Signature=OL3OFtX29%2F%2BeTv10d7I%2FcrTvA4Tp7mBFbOG%2FO5gvk6eEYoewZD10wK3b%2FNMHkQj6cJPKCFMthlVwyKL%2FD6%2BOeCWVnGTDrcdQ5njPMQ%2Fy940gJGiBKrUJSusVfrjpGHSDE%2FTs5ZPD70K3f%2FtDnKYBOpcpE%2F1UZoQ5CJ50rlwcXgV%2BIN%2Fiel48x%2BXOuGcW3VrlVJoHVKeZvwvOY2tCkXJSSVdj0Y5h2Jriewimw0JxRM1cnhaRmMH0gAGR8tqL7WlPILdQCcQm%2BNFTVHzoKGA5QOb1QwVoYYI%2BmjwtSZdBm6I5ydPbjV09k7%2FJD45TD3Tss1%2FY%2Fy%2BeZ14M3oC1txs3bA%3D%3D","environmentVariables":{"FIREBASE_CONFIG":"{\"projectId\":\"jspotx-d51f9\",\"storageBucket\":\"jspotx-d51f9.appspot.com\"}","GCLOUD_PROJECT":"jspotx-d51f9","EVENTARC_CLOUD_EVENT_SOURCE":"projects/jspotx-d51f9/locations/us-central1/functions/createUserDocument"},"runtime":"nodejs18","buildEnvironmentVariables":{"GOOGLE_NODE_RUN_SCRIPTS":""},"dockerRegistry":"ARTIFACT_REGISTRY"},"versionId":"1","updateTime":"2023-08-16T04:47:05Z","buildId":"4805af4b-f4d8-459f-8da8-943bf90dc781","buildName":"projects/587577824352/locations/us-central1/builds/4805af4b-f4d8-459f-8da8-943bf90dc781"}}
[debug] [2023-08-16T04:48:06.717Z] [create-default-us-central1-createUserDocument] Retrying task index 0
[debug] [2023-08-16T04:48:06.717Z] >>> [apiv2][query] GET https://cloudfunctions.googleapis.com/v1/operations/anNwb3R4LWQ1MWY5L3VzLWNlbnRyYWwxL2NyZWF0ZVVzZXJEb2N1bWVudC8xNmhXWTJwQWlVVQ [none]
[debug] [2023-08-16T04:48:07.229Z] <<< [apiv2][status] GET https://cloudfunctions.googleapis.com/v1/operations/anNwb3R4LWQ1MWY5L3VzLWNlbnRyYWwxL2NyZWF0ZVVzZXJEb2N1bWVudC8xNmhXWTJwQWlVVQ 200
[debug] [2023-08-16T04:48:07.229Z] <<< [apiv2][body] GET https://cloudfunctions.googleapis.com/v1/operations/anNwb3R4LWQ1MWY5L3VzLWNlbnRyYWwxL2NyZWF0ZVVzZXJEb2N1bWVudC8xNmhXWTJwQWlVVQ {"name":"operations/anNwb3R4LWQ1MWY5L3VzLWNlbnRyYWwxL2NyZWF0ZVVzZXJEb2N1bWVudC8xNmhXWTJwQWlVVQ","metadata":{"@type":"type.googleapis.com/google.cloud.functions.v1.OperationMetadataV1","target":"projects/jspotx-d51f9/locations/us-central1/functions/createUserDocument","type":"CREATE_FUNCTION","request":{"@type":"type.googleapis.com/google.cloud.functions.v1.CloudFunction","name":"projects/jspotx-d51f9/locations/us-central1/functions/createUserDocument","eventTrigger":{"eventType":"providers/firebase.auth/eventTypes/user.create","resource":"projects/jspotx-d51f9"},"entryPoint":"createUserDocument","labels":{"deployment-tool":"cli-firebase","firebase-functions-hash":"74acb266074a23e2b4270240992262a9fe214284"},"sourceUploadUrl":"https://storage.googleapis.com/uploads-263112141969.us-central1.cloudfunctions.appspot.com/a1fe0d9c-7d0c-468e-890c-e05c92c16e60.zip?GoogleAccessId=service-587577824352@gcf-admin-robot.iam.gserviceaccount.com&Expires=1692163022&Signature=OL3OFtX29%2F%2BeTv10d7I%2FcrTvA4Tp7mBFbOG%2FO5gvk6eEYoewZD10wK3b%2FNMHkQj6cJPKCFMthlVwyKL%2FD6%2BOeCWVnGTDrcdQ5njPMQ%2Fy940gJGiBKrUJSusVfrjpGHSDE%2FTs5ZPD70K3f%2FtDnKYBOpcpE%2F1UZoQ5CJ50rlwcXgV%2BIN%2Fiel48x%2BXOuGcW3VrlVJoHVKeZvwvOY2tCkXJSSVdj0Y5h2Jriewimw0JxRM1cnhaRmMH0gAGR8tqL7WlPILdQCcQm%2BNFTVHzoKGA5QOb1QwVoYYI%2BmjwtSZdBm6I5ydPbjV09k7%2FJD45TD3Tss1%2FY%2Fy%2BeZ14M3oC1txs3bA%3D%3D","environmentVariables":{"FIREBASE_CONFIG":"{\"projectId\":\"jspotx-d51f9\",\"storageBucket\":\"jspotx-d51f9.appspot.com\"}","GCLOUD_PROJECT":"jspotx-d51f9","EVENTARC_CLOUD_EVENT_SOURCE":"projects/jspotx-d51f9/locations/us-central1/functions/createUserDocument"},"runtime":"nodejs18","buildEnvironmentVariables":{"GOOGLE_NODE_RUN_SCRIPTS":""},"dockerRegistry":"ARTIFACT_REGISTRY"},"versionId":"1","updateTime":"2023-08-16T04:47:05Z","buildId":"4805af4b-f4d8-459f-8da8-943bf90dc781","buildName":"projects/587577824352/locations/us-central1/builds/4805af4b-f4d8-459f-8da8-943bf90dc781"}}
[debug] [2023-08-16T04:48:17.230Z] [create-default-us-central1-createUserDocument] Retrying task index 0
[debug] [2023-08-16T04:48:17.230Z] >>> [apiv2][query] GET https://cloudfunctions.googleapis.com/v1/operations/anNwb3R4LWQ1MWY5L3VzLWNlbnRyYWwxL2NyZWF0ZVVzZXJEb2N1bWVudC8xNmhXWTJwQWlVVQ [none]
[debug] [2023-08-16T04:48:18.076Z] <<< [apiv2][status] GET https://cloudfunctions.googleapis.com/v1/operations/anNwb3R4LWQ1MWY5L3VzLWNlbnRyYWwxL2NyZWF0ZVVzZXJEb2N1bWVudC8xNmhXWTJwQWlVVQ 200
[debug] [2023-08-16T04:48:18.076Z] <<< [apiv2][body] GET https://cloudfunctions.googleapis.com/v1/operations/anNwb3R4LWQ1MWY5L3VzLWNlbnRyYWwxL2NyZWF0ZVVzZXJEb2N1bWVudC8xNmhXWTJwQWlVVQ {"name":"operations/anNwb3R4LWQ1MWY5L3VzLWNlbnRyYWwxL2NyZWF0ZVVzZXJEb2N1bWVudC8xNmhXWTJwQWlVVQ","metadata":{"@type":"type.googleapis.com/google.cloud.functions.v1.OperationMetadataV1","target":"projects/jspotx-d51f9/locations/us-central1/functions/createUserDocument","type":"CREATE_FUNCTION","request":{"@type":"type.googleapis.com/google.cloud.functions.v1.CloudFunction","name":"projects/jspotx-d51f9/locations/us-central1/functions/createUserDocument","eventTrigger":{"eventType":"providers/firebase.auth/eventTypes/user.create","resource":"projects/jspotx-d51f9"},"entryPoint":"createUserDocument","labels":{"deployment-tool":"cli-firebase","firebase-functions-hash":"74acb266074a23e2b4270240992262a9fe214284"},"sourceUploadUrl":"https://storage.googleapis.com/uploads-263112141969.us-central1.cloudfunctions.appspot.com/a1fe0d9c-7d0c-468e-890c-e05c92c16e60.zip?GoogleAccessId=service-587577824352@gcf-admin-robot.iam.gserviceaccount.com&Expires=1692163022&Signature=OL3OFtX29%2F%2BeTv10d7I%2FcrTvA4Tp7mBFbOG%2FO5gvk6eEYoewZD10wK3b%2FNMHkQj6cJPKCFMthlVwyKL%2FD6%2BOeCWVnGTDrcdQ5njPMQ%2Fy940gJGiBKrUJSusVfrjpGHSDE%2FTs5ZPD70K3f%2FtDnKYBOpcpE%2F1UZoQ5CJ50rlwcXgV%2BIN%2Fiel48x%2BXOuGcW3VrlVJoHVKeZvwvOY2tCkXJSSVdj0Y5h2Jriewimw0JxRM1cnhaRmMH0gAGR8tqL7WlPILdQCcQm%2BNFTVHzoKGA5QOb1QwVoYYI%2BmjwtSZdBm6I5ydPbjV09k7%2FJD45TD3Tss1%2FY%2Fy%2BeZ14M3oC1txs3bA%3D%3D","environmentVariables":{"FIREBASE_CONFIG":"{\"projectId\":\"jspotx-d51f9\",\"storageBucket\":\"jspotx-d51f9.appspot.com\"}","GCLOUD_PROJECT":"jspotx-d51f9","EVENTARC_CLOUD_EVENT_SOURCE":"projects/jspotx-d51f9/locations/us-central1/functions/createUserDocument"},"runtime":"nodejs18","buildEnvironmentVariables":{"GOOGLE_NODE_RUN_SCRIPTS":""},"dockerRegistry":"ARTIFACT_REGISTRY"},"versionId":"1","updateTime":"2023-08-16T04:47:05Z","buildId":"4805af4b-f4d8-459f-8da8-943bf90dc781","sourceToken":"17bb9fd2-7fa5-4ef4-bd52-1231bf540da2","buildName":"projects/587577824352/locations/us-central1/builds/4805af4b-f4d8-459f-8da8-943bf90dc781"}}
[debug] [2023-08-16T04:48:18.076Z] Got source token 17bb9fd2-7fa5-4ef4-bd52-1231bf540da2 for region us-central1
[debug] [2023-08-16T04:48:28.078Z] [create-default-us-central1-createUserDocument] Retrying task index 0
[debug] [2023-08-16T04:48:28.078Z] >>> [apiv2][query] GET https://cloudfunctions.googleapis.com/v1/operations/anNwb3R4LWQ1MWY5L3VzLWNlbnRyYWwxL2NyZWF0ZVVzZXJEb2N1bWVudC8xNmhXWTJwQWlVVQ [none]
[debug] [2023-08-16T04:48:28.724Z] <<< [apiv2][status] GET https://cloudfunctions.googleapis.com/v1/operations/anNwb3R4LWQ1MWY5L3VzLWNlbnRyYWwxL2NyZWF0ZVVzZXJEb2N1bWVudC8xNmhXWTJwQWlVVQ 200
[debug] [2023-08-16T04:48:28.724Z] <<< [apiv2][body] GET https://cloudfunctions.googleapis.com/v1/operations/anNwb3R4LWQ1MWY5L3VzLWNlbnRyYWwxL2NyZWF0ZVVzZXJEb2N1bWVudC8xNmhXWTJwQWlVVQ {"name":"operations/anNwb3R4LWQ1MWY5L3VzLWNlbnRyYWwxL2NyZWF0ZVVzZXJEb2N1bWVudC8xNmhXWTJwQWlVVQ","metadata":{"@type":"type.googleapis.com/google.cloud.functions.v1.OperationMetadataV1","target":"projects/jspotx-d51f9/locations/us-central1/functions/createUserDocument","type":"CREATE_FUNCTION","request":{"@type":"type.googleapis.com/google.cloud.functions.v1.CloudFunction","name":"projects/jspotx-d51f9/locations/us-central1/functions/createUserDocument","eventTrigger":{"eventType":"providers/firebase.auth/eventTypes/user.create","resource":"projects/jspotx-d51f9"},"entryPoint":"createUserDocument","labels":{"deployment-tool":"cli-firebase","firebase-functions-hash":"74acb266074a23e2b4270240992262a9fe214284"},"sourceUploadUrl":"https://storage.googleapis.com/uploads-263112141969.us-central1.cloudfunctions.appspot.com/a1fe0d9c-7d0c-468e-890c-e05c92c16e60.zip?GoogleAccessId=service-587577824352@gcf-admin-robot.iam.gserviceaccount.com&Expires=1692163022&Signature=OL3OFtX29%2F%2BeTv10d7I%2FcrTvA4Tp7mBFbOG%2FO5gvk6eEYoewZD10wK3b%2FNMHkQj6cJPKCFMthlVwyKL%2FD6%2BOeCWVnGTDrcdQ5njPMQ%2Fy940gJGiBKrUJSusVfrjpGHSDE%2FTs5ZPD70K3f%2FtDnKYBOpcpE%2F1UZoQ5CJ50rlwcXgV%2BIN%2Fiel48x%2BXOuGcW3VrlVJoHVKeZvwvOY2tCkXJSSVdj0Y5h2Jriewimw0JxRM1cnhaRmMH0gAGR8tqL7WlPILdQCcQm%2BNFTVHzoKGA5QOb1QwVoYYI%2BmjwtSZdBm6I5ydPbjV09k7%2FJD45TD3Tss1%2FY%2Fy%2BeZ14M3oC1txs3bA%3D%3D","environmentVariables":{"FIREBASE_CONFIG":"{\"projectId\":\"jspotx-d51f9\",\"storageBucket\":\"jspotx-d51f9.appspot.com\"}","GCLOUD_PROJECT":"jspotx-d51f9","EVENTARC_CLOUD_EVENT_SOURCE":"projects/jspotx-d51f9/locations/us-central1/functions/createUserDocument"},"runtime":"nodejs18","buildEnvironmentVariables":{"GOOGLE_NODE_RUN_SCRIPTS":""},"dockerRegistry":"ARTIFACT_REGISTRY"},"versionId":"1","updateTime":"2023-08-16T04:48:24Z","buildId":"4805af4b-f4d8-459f-8da8-943bf90dc781","sourceToken":"17bb9fd2-7fa5-4ef4-bd52-1231bf540da2","buildName":"projects/587577824352/locations/us-central1/builds/4805af4b-f4d8-459f-8da8-943bf90dc781"},"done":true,"response":{"@type":"type.googleapis.com/google.cloud.functions.v1.CloudFunction","name":"projects/jspotx-d51f9/locations/us-central1/functions/createUserDocument","eventTrigger":{"eventType":"providers/firebase.auth/eventTypes/user.create","resource":"projects/jspotx-d51f9","service":"firebaseauth.googleapis.com","failurePolicy":{}},"status":"ACTIVE","entryPoint":"createUserDocument","timeout":"60s","availableMemoryMb":256,"serviceAccountEmail":"jspotx-d51f9@appspot.gserviceaccount.com","updateTime":"2023-08-16T04:48:24.127Z","versionId":"1","labels":{"deployment-tool":"cli-firebase","firebase-functions-hash":"74acb266074a23e2b4270240992262a9fe214284"},"sourceUploadUrl":"https://storage.googleapis.com/uploads-263112141969.us-central1.cloudfunctions.appspot.com/a1fe0d9c-7d0c-468e-890c-e05c92c16e60.zip","environmentVariables":{"FIREBASE_CONFIG":"{\"projectId\":\"jspotx-d51f9\",\"storageBucket\":\"jspotx-d51f9.appspot.com\"}","GCLOUD_PROJECT":"jspotx-d51f9","EVENTARC_CLOUD_EVENT_SOURCE":"projects/jspotx-d51f9/locations/us-central1/functions/createUserDocument"},"runtime":"nodejs18","maxInstances":3000,"ingressSettings":"ALLOW_ALL","buildId":"4805af4b-f4d8-459f-8da8-943bf90dc781","buildEnvironmentVariables":{"GOOGLE_NODE_RUN_SCRIPTS":""},"buildName":"projects/587577824352/locations/us-central1/builds/4805af4b-f4d8-459f-8da8-943bf90dc781","dockerRegistry":"ARTIFACT_REGISTRY"}}
[debug] [2023-08-16T04:48:28.725Z] Got source token 17bb9fd2-7fa5-4ef4-bd52-1231bf540da2 for region us-central1
[info] ✔  functions[createUserDocument(us-central1)] Successful create operation. 
[debug] [2023-08-16T04:48:28.732Z] Total Function Deployment time: 84290
[debug] [2023-08-16T04:48:28.732Z] 1 Functions Deployed
[debug] [2023-08-16T04:48:28.732Z] 0 Functions Errored
[debug] [2023-08-16T04:48:28.733Z] 0 Function Deployments Aborted
[debug] [2023-08-16T04:48:28.733Z] Average Function Deployment time: 84290
[info] i  functions: cleaning up build files... 
[debug] [2023-08-16T04:48:29.419Z] >>> [apiv2][query] DELETE https://artifactregistry.googleapis.com/v1beta2/projects/jspotx-d51f9/locations/us-central1/repositories/gcf-artifacts/packages/create_user_document [none]
[debug] [2023-08-16T04:48:29.420Z] >>> [apiv2][query] GET https://us.gcr.io/v2/jspotx-d51f9/gcf/us-central1/tags/list [none]
[debug] [2023-08-16T04:48:30.660Z] <<< [apiv2][status] DELETE https://artifactregistry.googleapis.com/v1beta2/projects/jspotx-d51f9/locations/us-central1/repositories/gcf-artifacts/packages/create_user_document 200
[debug] [2023-08-16T04:48:30.660Z] <<< [apiv2][body] DELETE https://artifactregistry.googleapis.com/v1beta2/projects/jspotx-d51f9/locations/us-central1/repositories/gcf-artifacts/packages/create_user_document {"name":"projects/jspotx-d51f9/locations/us-central1/operations/b2d4a5c9-9b9b-4ae7-849d-fd5b2bd1ffc3","metadata":{"@type":"type.googleapis.com/google.devtools.artifactregistry.v1beta2.OperationMetadata"}}
[debug] [2023-08-16T04:48:30.661Z] >>> [apiv2][query] GET https://artifactregistry.googleapis.com/v1beta2/projects/jspotx-d51f9/locations/us-central1/operations/b2d4a5c9-9b9b-4ae7-849d-fd5b2bd1ffc3 [none]
[debug] [2023-08-16T04:48:31.758Z] <<< [apiv2][status] GET https://artifactregistry.googleapis.com/v1beta2/projects/jspotx-d51f9/locations/us-central1/operations/b2d4a5c9-9b9b-4ae7-849d-fd5b2bd1ffc3 200
[debug] [2023-08-16T04:48:31.758Z] <<< [apiv2][body] GET https://artifactregistry.googleapis.com/v1beta2/projects/jspotx-d51f9/locations/us-central1/operations/b2d4a5c9-9b9b-4ae7-849d-fd5b2bd1ffc3 {"name":"projects/jspotx-d51f9/locations/us-central1/operations/b2d4a5c9-9b9b-4ae7-849d-fd5b2bd1ffc3","metadata":{"@type":"type.googleapis.com/google.devtools.artifactregistry.v1beta2.OperationMetadata"},"done":true,"response":{"@type":"type.googleapis.com/google.protobuf.Empty"}}
[debug] [2023-08-16T04:48:32.366Z] <<< [apiv2][status] GET https://us.gcr.io/v2/jspotx-d51f9/gcf/us-central1/tags/list 200
[debug] [2023-08-16T04:48:32.367Z] <<< [apiv2][body] GET https://us.gcr.io/v2/jspotx-d51f9/gcf/us-central1/tags/list {"child":[],"manifest":{},"name":"jspotx-d51f9/gcf/us-central1","tags":[]}
[debug] [2023-08-16T04:48:32.367Z] Could not find image for function projects/jspotx-d51f9/locations/us-central1/functions/createUserDocument
[info] 
[info] ✔  Deploy complete! 
[info] 
[info] Project Console: https://console.firebase.google.com/project/jspotx-d51f9/overview
